This file contains any messages produced by compilers while
running configure, to aid debugging if configure makes a mistake.

It was created by fping configure 4.2, which was
generated by GNU Autoconf 2.69.  Invocation command line was

  $ ./configure 

## --------- ##
## Platform. ##
## --------- ##

hostname = WXR-ThinkPad
uname -m = x86_64
uname -r = 4.4.0-17763-Microsoft
uname -s = Linux
uname -v = #864-Microsoft Thu Nov 07 15:22:00 PST 2019

/usr/bin/uname -p = unknown
/bin/uname -X     = unknown

/bin/arch              = unknown
/usr/bin/arch -k       = unknown
/usr/convex/getsysinfo = unknown
/usr/bin/hostinfo      = unknown
/bin/machine           = unknown
/usr/bin/oslevel       = unknown
/bin/universe          = unknown

PATH: /home/xuanrun/.local/bin
PATH: /usr/local/sbin
PATH: /usr/local/bin
PATH: /usr/sbin
PATH: /usr/bin
PATH: /sbin
PATH: /bin
PATH: /usr/games
PATH: /usr/local/games
PATH: /mnt/c/Program Files/WindowsApps/CanonicalGroupLimited.UbuntuonWindows_1804.2019.521.0_x64__79rhkp1fndgsc
PATH: /mnt/c/Windows/System32
PATH: /mnt/c/Windows
PATH: /mnt/c/Windows/System32/wbem
PATH: /mnt/c/Windows/System32/WindowsPowerShell/v1.0
PATH: /mnt/c/Windows/System32/OpenSSH
PATH: /mnt/c/Program Files/OpenVPN/bin
PATH: /mnt/c/MinGW/bin
PATH: /mnt/c/Program Files/Git/cmd
PATH: /mnt/c/Program Files (x86)/Quartus9.0/quartus/bin
PATH: /mnt/c/Python27
PATH: /mnt/c/Program Files/CMake/bin
PATH: /mnt/c/MinGW/include
PATH: /mnt/c/MinGW/bin
PATH: /mnt/c/Program Files/R/R-3.6.0/bin
PATH: /mnt/c/ProgramData/chocolatey/bin
PATH: /mnt/c/Program Files/MATLAB/R2016b/runtime/win64
PATH: /mnt/c/Program Files/MATLAB/R2016b/bin
PATH: /mnt/c/Program Files/MATLAB/R2016b/polyspace/bin
PATH: /mnt/c/Program Files/ISC BIND 9/bin
PATH: /mnt/c/Users/81015/AppData/Local/Microsoft/WindowsApps
PATH: /mnt/c/Program Files/Bandizip
PATH: /mnt/c/Users/81015/AppData/Local/GitHubDesktop/bin
PATH: /mnt/c/Program Files (x86)/Microsoft Visual Studio/Shared/Python37_64
PATH: /mnt/c/Program Files (x86)/Microsoft Visual Studio/Shared/Python37_64/Scripts
PATH: /mnt/c/Program Files (x86)/Nmap
PATH: /mnt/c/Users/81015/AppData/Local/Programs/Microsoft VS Code/bin
PATH: /mnt/c/Program Files/Wireshark
PATH: /snap/bin


## ----------- ##
## Core tests. ##
## ----------- ##

configure:2295: checking for gcc
configure:2311: found /usr/bin/gcc
configure:2322: result: gcc
configure:2551: checking for C compiler version
configure:2560: gcc --version >&5
gcc (Ubuntu 7.4.0-1ubuntu1~18.04.1) 7.4.0
Copyright (C) 2017 Free Software Foundation, Inc.
This is free software; see the source for copying conditions.  There is NO
warranty; not even for MERCHANTABILITY or FITNESS FOR A PARTICULAR PURPOSE.

configure:2571: $? = 0
configure:2560: gcc -v >&5
Using built-in specs.
COLLECT_GCC=gcc
COLLECT_LTO_WRAPPER=/usr/lib/gcc/x86_64-linux-gnu/7/lto-wrapper
OFFLOAD_TARGET_NAMES=nvptx-none
OFFLOAD_TARGET_DEFAULT=1
Target: x86_64-linux-gnu
Configured with: ../src/configure -v --with-pkgversion='Ubuntu 7.4.0-1ubuntu1~18.04.1' --with-bugurl=file:///usr/share/doc/gcc-7/README.Bugs --enable-languages=c,ada,c++,go,brig,d,fortran,objc,obj-c++ --prefix=/usr --with-gcc-major-version-only --program-suffix=-7 --program-prefix=x86_64-linux-gnu- --enable-shared --enable-linker-build-id --libexecdir=/usr/lib --without-included-gettext --enable-threads=posix --libdir=/usr/lib --enable-nls --with-sysroot=/ --enable-clocale=gnu --enable-libstdcxx-debug --enable-libstdcxx-time=yes --with-default-libstdcxx-abi=new --enable-gnu-unique-object --disable-vtable-verify --enable-libmpx --enable-plugin --enable-default-pie --with-system-zlib --with-target-system-zlib --enable-objc-gc=auto --enable-multiarch --disable-werror --with-arch-32=i686 --with-abi=m64 --with-multilib-list=m32,m64,mx32 --enable-multilib --with-tune=generic --enable-offload-targets=nvptx-none --without-cuda-driver --enable-checking=release --build=x86_64-linux-gnu --host=x86_64-linux-gnu --target=x86_64-linux-gnu
Thread model: posix
gcc version 7.4.0 (Ubuntu 7.4.0-1ubuntu1~18.04.1) 
configure:2571: $? = 0
configure:2560: gcc -V >&5
gcc: error: unrecognized command line option '-V'
gcc: fatal error: no input files
compilation terminated.
configure:2571: $? = 1
configure:2560: gcc -qversion >&5
gcc: error: unrecognized command line option '-qversion'; did you mean '--version'?
gcc: fatal error: no input files
compilation terminated.
configure:2571: $? = 1
configure:2591: checking whether the C compiler works
configure:2613: gcc    conftest.c  >&5
configure:2617: $? = 0
configure:2665: result: yes
configure:2668: checking for C compiler default output file name
configure:2670: result: a.out
configure:2676: checking for suffix of executables
configure:2683: gcc -o conftest    conftest.c  >&5
configure:2687: $? = 0
configure:2709: result: 
configure:2731: checking whether we are cross compiling
configure:2739: gcc -o conftest    conftest.c  >&5
configure:2743: $? = 0
configure:2750: ./conftest
configure:2754: $? = 0
configure:2769: result: no
configure:2774: checking for suffix of object files
configure:2796: gcc -c   conftest.c >&5
configure:2800: $? = 0
configure:2821: result: o
configure:2825: checking whether we are using the GNU C compiler
configure:2844: gcc -c   conftest.c >&5
configure:2844: $? = 0
configure:2853: result: yes
configure:2862: checking whether gcc accepts -g
configure:2882: gcc -c -g  conftest.c >&5
configure:2882: $? = 0
configure:2923: result: yes
configure:2940: checking for gcc option to accept ISO C89
configure:3003: gcc  -c -g -O2  conftest.c >&5
configure:3003: $? = 0
configure:3016: result: none needed
configure:3041: checking whether gcc understands -c and -o together
configure:3063: gcc -c conftest.c -o conftest2.o
configure:3066: $? = 0
configure:3063: gcc -c conftest.c -o conftest2.o
configure:3066: $? = 0
configure:3078: result: yes
configure:3100: checking for netinet/icmp6.h
configure:3100: gcc -c -g -O2  conftest.c >&5
configure:3100: $? = 0
configure:3100: result: yes
configure:3147: checking whether SO_TIMESTAMP is declared
configure:3147: gcc -c -g -O2  conftest.c >&5
configure:3147: $? = 0
configure:3147: result: yes
configure:3211: checking build system type
configure:3225: result: x86_64-unknown-linux-gnu
configure:3245: checking host system type
configure:3258: result: x86_64-unknown-linux-gnu
configure:3278: checking target system type
configure:3291: result: x86_64-unknown-linux-gnu
configure:3333: checking for a BSD-compatible install
configure:3401: result: /usr/bin/install -c
configure:3412: checking whether build environment is sane
configure:3467: result: yes
configure:3502: WARNING: 'missing' script is too old or missing
configure:3615: checking for a thread-safe mkdir -p
configure:3654: result: /bin/mkdir -p
configure:3661: checking for gawk
configure:3677: found /usr/bin/gawk
configure:3688: result: gawk
configure:3699: checking whether make sets $(MAKE)
configure:3721: result: yes
configure:3751: checking for style of include used by make
configure:3779: result: GNU
configure:3813: checking whether make supports nested variables
configure:3830: result: yes
configure:3915: checking dependency style of gcc
configure:4026: result: gcc3
configure:4084: checking whether to enable maintainer-specific portions of Makefiles
configure:4093: result: no
configure:4159: checking for gcc
configure:4186: result: gcc
configure:4415: checking for C compiler version
configure:4424: gcc --version >&5
gcc (Ubuntu 7.4.0-1ubuntu1~18.04.1) 7.4.0
Copyright (C) 2017 Free Software Foundation, Inc.
This is free software; see the source for copying conditions.  There is NO
warranty; not even for MERCHANTABILITY or FITNESS FOR A PARTICULAR PURPOSE.

configure:4435: $? = 0
configure:4424: gcc -v >&5
Using built-in specs.
COLLECT_GCC=gcc
COLLECT_LTO_WRAPPER=/usr/lib/gcc/x86_64-linux-gnu/7/lto-wrapper
OFFLOAD_TARGET_NAMES=nvptx-none
OFFLOAD_TARGET_DEFAULT=1
Target: x86_64-linux-gnu
Configured with: ../src/configure -v --with-pkgversion='Ubuntu 7.4.0-1ubuntu1~18.04.1' --with-bugurl=file:///usr/share/doc/gcc-7/README.Bugs --enable-languages=c,ada,c++,go,brig,d,fortran,objc,obj-c++ --prefix=/usr --with-gcc-major-version-only --program-suffix=-7 --program-prefix=x86_64-linux-gnu- --enable-shared --enable-linker-build-id --libexecdir=/usr/lib --without-included-gettext --enable-threads=posix --libdir=/usr/lib --enable-nls --with-sysroot=/ --enable-clocale=gnu --enable-libstdcxx-debug --enable-libstdcxx-time=yes --with-default-libstdcxx-abi=new --enable-gnu-unique-object --disable-vtable-verify --enable-libmpx --enable-plugin --enable-default-pie --with-system-zlib --with-target-system-zlib --enable-objc-gc=auto --enable-multiarch --disable-werror --with-arch-32=i686 --with-abi=m64 --with-multilib-list=m32,m64,mx32 --enable-multilib --with-tune=generic --enable-offload-targets=nvptx-none --without-cuda-driver --enable-checking=release --build=x86_64-linux-gnu --host=x86_64-linux-gnu --target=x86_64-linux-gnu
Thread model: posix
gcc version 7.4.0 (Ubuntu 7.4.0-1ubuntu1~18.04.1) 
configure:4435: $? = 0
configure:4424: gcc -V >&5
gcc: error: unrecognized command line option '-V'
gcc: fatal error: no input files
compilation terminated.
configure:4435: $? = 1
configure:4424: gcc -qversion >&5
gcc: error: unrecognized command line option '-qversion'; did you mean '--version'?
gcc: fatal error: no input files
compilation terminated.
configure:4435: $? = 1
configure:4439: checking whether we are using the GNU C compiler
configure:4467: result: yes
configure:4476: checking whether gcc accepts -g
configure:4537: result: yes
configure:4554: checking for gcc option to accept ISO C89
configure:4630: result: none needed
configure:4655: checking whether gcc understands -c and -o together
configure:4692: result: yes
configure:4714: checking for gcc option to accept ISO C99
configure:4863: gcc  -c -g -O2  conftest.c >&5
configure:4863: $? = 0
configure:4876: result: none needed
configure:4984: checking for gcc option to accept ISO Standard C
configure:4995: result: none needed
configure:5007: checking how to run the C preprocessor
configure:5038: gcc -E  conftest.c
configure:5038: $? = 0
configure:5052: gcc -E  conftest.c
conftest.c:15:10: fatal error: ac_nonexistent.h: No such file or directory
 #include <ac_nonexistent.h>
          ^~~~~~~~~~~~~~~~~~
compilation terminated.
configure:5052: $? = 1
configure: failed program was:
| /* confdefs.h */
| #define PACKAGE_NAME "fping"
| #define PACKAGE_TARNAME "fping"
| #define PACKAGE_VERSION "4.2"
| #define PACKAGE_STRING "fping 4.2"
| #define PACKAGE_BUGREPORT ""
| #define PACKAGE_URL ""
| #define IPV4 1
| #define HAVE_NETINET_ICMP6_H 1
| #define IPV6 1
| #define HAVE_SO_TIMESTAMP 1
| #define PACKAGE "fping"
| #define VERSION "4.2"
| /* end confdefs.h.  */
| #include <ac_nonexistent.h>
configure:5077: result: gcc -E
configure:5097: gcc -E  conftest.c
configure:5097: $? = 0
configure:5111: gcc -E  conftest.c
conftest.c:15:10: fatal error: ac_nonexistent.h: No such file or directory
 #include <ac_nonexistent.h>
          ^~~~~~~~~~~~~~~~~~
compilation terminated.
configure:5111: $? = 1
configure: failed program was:
| /* confdefs.h */
| #define PACKAGE_NAME "fping"
| #define PACKAGE_TARNAME "fping"
| #define PACKAGE_VERSION "4.2"
| #define PACKAGE_STRING "fping 4.2"
| #define PACKAGE_BUGREPORT ""
| #define PACKAGE_URL ""
| #define IPV4 1
| #define HAVE_NETINET_ICMP6_H 1
| #define IPV6 1
| #define HAVE_SO_TIMESTAMP 1
| #define PACKAGE "fping"
| #define VERSION "4.2"
| /* end confdefs.h.  */
| #include <ac_nonexistent.h>
configure:5142: checking for gethostbyname
configure:5142: gcc -o conftest -g -O2   conftest.c  >&5
configure:5142: $? = 0
configure:5142: result: yes
configure:5194: checking for connect
configure:5194: gcc -o conftest -g -O2   conftest.c  >&5
configure:5194: $? = 0
configure:5194: result: yes
configure:5252: checking for grep that handles long lines and -e
configure:5310: result: /bin/grep
configure:5315: checking for egrep
configure:5377: result: /bin/grep -E
configure:5382: checking for ANSI C header files
configure:5402: gcc -c -g -O2  conftest.c >&5
configure:5402: $? = 0
configure:5475: gcc -o conftest -g -O2   conftest.c  >&5
configure:5475: $? = 0
configure:5475: ./conftest
configure:5475: $? = 0
configure:5486: result: yes
configure:5499: checking for sys/types.h
configure:5499: gcc -c -g -O2  conftest.c >&5
configure:5499: $? = 0
configure:5499: result: yes
configure:5499: checking for sys/stat.h
configure:5499: gcc -c -g -O2  conftest.c >&5
configure:5499: $? = 0
configure:5499: result: yes
configure:5499: checking for stdlib.h
configure:5499: gcc -c -g -O2  conftest.c >&5
configure:5499: $? = 0
configure:5499: result: yes
configure:5499: checking for string.h
configure:5499: gcc -c -g -O2  conftest.c >&5
configure:5499: $? = 0
configure:5499: result: yes
configure:5499: checking for memory.h
configure:5499: gcc -c -g -O2  conftest.c >&5
configure:5499: $? = 0
configure:5499: result: yes
configure:5499: checking for strings.h
configure:5499: gcc -c -g -O2  conftest.c >&5
configure:5499: $? = 0
configure:5499: result: yes
configure:5499: checking for inttypes.h
configure:5499: gcc -c -g -O2  conftest.c >&5
configure:5499: $? = 0
configure:5499: result: yes
configure:5499: checking for stdint.h
configure:5499: gcc -c -g -O2  conftest.c >&5
configure:5499: $? = 0
configure:5499: result: yes
configure:5499: checking for unistd.h
configure:5499: gcc -c -g -O2  conftest.c >&5
configure:5499: $? = 0
configure:5499: result: yes
configure:5514: checking for unistd.h
configure:5514: result: yes
configure:5514: checking sys/file.h usability
configure:5514: gcc -c -g -O2  conftest.c >&5
configure:5514: $? = 0
configure:5514: result: yes
configure:5514: checking sys/file.h presence
configure:5514: gcc -E  conftest.c
configure:5514: $? = 0
configure:5514: result: yes
configure:5514: checking for sys/file.h
configure:5514: result: yes
configure:5514: checking for stdlib.h
configure:5514: result: yes
configure:5514: checking sys/select.h usability
configure:5514: gcc -c -g -O2  conftest.c >&5
configure:5514: $? = 0
configure:5514: result: yes
configure:5514: checking sys/select.h presence
configure:5514: gcc -E  conftest.c
configure:5514: $? = 0
configure:5514: result: yes
configure:5514: checking for sys/select.h
configure:5514: result: yes
configure:5645: checking that generated files are newer than configure
configure:5651: result: done
configure:5678: creating ./config.status

## ---------------------- ##
## Running config.status. ##
## ---------------------- ##

This file was extended by fping config.status 4.2, which was
generated by GNU Autoconf 2.69.  Invocation command line was

  CONFIG_FILES    = 
  CONFIG_HEADERS  = 
  CONFIG_LINKS    = 
  CONFIG_COMMANDS = 
  $ ./config.status 

on WXR-ThinkPad

config.status:881: creating Makefile
config.status:881: creating doc/Makefile
config.status:881: creating src/Makefile
config.status:881: creating config.h
config.status:1062: config.h is unchanged
config.status:1110: executing depfiles commands

## ---------------- ##
## Cache variables. ##
## ---------------- ##

ac_cv_build=x86_64-unknown-linux-gnu
ac_cv_c_compiler_gnu=yes
ac_cv_env_CC_set=
ac_cv_env_CC_value=
ac_cv_env_CFLAGS_set=
ac_cv_env_CFLAGS_value=
ac_cv_env_CPPFLAGS_set=
ac_cv_env_CPPFLAGS_value=
ac_cv_env_CPP_set=
ac_cv_env_CPP_value=
ac_cv_env_LDFLAGS_set=
ac_cv_env_LDFLAGS_value=
ac_cv_env_LIBS_set=
ac_cv_env_LIBS_value=
ac_cv_env_build_alias_set=
ac_cv_env_build_alias_value=
ac_cv_env_host_alias_set=
ac_cv_env_host_alias_value=
ac_cv_env_target_alias_set=
ac_cv_env_target_alias_value=
ac_cv_func_connect=yes
ac_cv_func_gethostbyname=yes
ac_cv_have_decl_SO_TIMESTAMP=yes
ac_cv_header_inttypes_h=yes
ac_cv_header_memory_h=yes
ac_cv_header_netinet_icmp6_h=yes
ac_cv_header_stdc=yes
ac_cv_header_stdint_h=yes
ac_cv_header_stdlib_h=yes
ac_cv_header_string_h=yes
ac_cv_header_strings_h=yes
ac_cv_header_sys_file_h=yes
ac_cv_header_sys_select_h=yes
ac_cv_header_sys_stat_h=yes
ac_cv_header_sys_types_h=yes
ac_cv_header_unistd_h=yes
ac_cv_host=x86_64-unknown-linux-gnu
ac_cv_objext=o
ac_cv_path_EGREP='/bin/grep -E'
ac_cv_path_GREP=/bin/grep
ac_cv_path_install='/usr/bin/install -c'
ac_cv_path_mkdir=/bin/mkdir
ac_cv_prog_AWK=gawk
ac_cv_prog_CPP='gcc -E'
ac_cv_prog_ac_ct_CC=gcc
ac_cv_prog_cc_c89=
ac_cv_prog_cc_c99=
ac_cv_prog_cc_g=yes
ac_cv_prog_cc_stdc=
ac_cv_prog_make_make_set=yes
ac_cv_target=x86_64-unknown-linux-gnu
am_cv_CC_dependencies_compiler_type=gcc3
am_cv_make_support_nested_variables=yes
am_cv_prog_cc_c_o=yes

## ----------------- ##
## Output variables. ##
## ----------------- ##

ACLOCAL='aclocal-1.14'
AMDEPBACKSLASH='\'
AMDEP_FALSE='#'
AMDEP_TRUE=''
AMTAR='$${TAR-tar}'
AM_BACKSLASH='\'
AM_DEFAULT_V='$(AM_DEFAULT_VERBOSITY)'
AM_DEFAULT_VERBOSITY='1'
AM_V='$(V)'
AUTOCONF='autoconf'
AUTOHEADER='autoheader'
AUTOMAKE='automake-1.14'
AWK='gawk'
CC='gcc'
CCDEPMODE='depmode=gcc3'
CFLAGS='-g -O2'
CPP='gcc -E'
CPPFLAGS=''
CYGPATH_W='echo'
DEFS='-DHAVE_CONFIG_H'
DEPDIR='.deps'
ECHO_C=''
ECHO_N='-n'
ECHO_T=''
EGREP='/bin/grep -E'
EXEEXT=''
GREP='/bin/grep'
INSTALL_DATA='${INSTALL} -m 644'
INSTALL_PROGRAM='${INSTALL}'
INSTALL_SCRIPT='${INSTALL}'
INSTALL_STRIP_PROGRAM='$(install_sh) -c -s'
IPV4_FALSE='#'
IPV4_TRUE=''
IPV6_FALSE='#'
IPV6_TRUE=''
LDFLAGS=''
LIBOBJS=''
LIBS=''
LTLIBOBJS=''
MAINT='#'
MAINTAINER_MODE_FALSE=''
MAINTAINER_MODE_TRUE='#'
MAKEINFO='makeinfo'
MKDIR_P='/bin/mkdir -p'
OBJEXT='o'
PACKAGE='fping'
PACKAGE_BUGREPORT=''
PACKAGE_NAME='fping'
PACKAGE_STRING='fping 4.2'
PACKAGE_TARNAME='fping'
PACKAGE_URL=''
PACKAGE_VERSION='4.2'
PATH_SEPARATOR=':'
SET_MAKE=''
SHELL='/bin/bash'
STRIP=''
VERSION='4.2'
ac_ct_CC='gcc'
am__EXEEXT_FALSE=''
am__EXEEXT_TRUE='#'
am__fastdepCC_FALSE='#'
am__fastdepCC_TRUE=''
am__include='include'
am__isrc=''
am__leading_dot='.'
am__nodep='_no'
am__quote=''
am__tar='$${TAR-tar} chof - "$$tardir"'
am__untar='$${TAR-tar} xf -'
bindir='${exec_prefix}/bin'
build='x86_64-unknown-linux-gnu'
build_alias=''
build_cpu='x86_64'
build_os='linux-gnu'
build_vendor='unknown'
datadir='${datarootdir}'
datarootdir='${prefix}/share'
docdir='${datarootdir}/doc/${PACKAGE_TARNAME}'
dvidir='${docdir}'
exec_prefix='${prefix}'
host='x86_64-unknown-linux-gnu'
host_alias=''
host_cpu='x86_64'
host_os='linux-gnu'
host_vendor='unknown'
htmldir='${docdir}'
includedir='${prefix}/include'
infodir='${datarootdir}/info'
install_sh='${SHELL} /home/xuanrun/install-sh'
libdir='${exec_prefix}/lib'
libexecdir='${exec_prefix}/libexec'
localedir='${datarootdir}/locale'
localstatedir='${prefix}/var'
mandir='${datarootdir}/man'
mkdir_p='$(MKDIR_P)'
oldincludedir='/usr/include'
pdfdir='${docdir}'
prefix='/usr/local'
program_transform_name='s,x,x,'
psdir='${docdir}'
sbindir='${exec_prefix}/sbin'
sharedstatedir='${prefix}/com'
sysconfdir='${prefix}/etc'
target='x86_64-unknown-linux-gnu'
target_alias=''
target_cpu='x86_64'
target_os='linux-gnu'
target_vendor='unknown'

## ----------- ##
## confdefs.h. ##
## ----------- ##

/* confdefs.h */
#define PACKAGE_NAME "fping"
#define PACKAGE_TARNAME "fping"
#define PACKAGE_VERSION "4.2"
#define PACKAGE_STRING "fping 4.2"
#define PACKAGE_BUGREPORT ""
#define PACKAGE_URL ""
#define IPV4 1
#define HAVE_NETINET_ICMP6_H 1
#define IPV6 1
#define HAVE_SO_TIMESTAMP 1
#define PACKAGE "fping"
#define VERSION "4.2"
#define STDC_HEADERS 1
#define HAVE_SYS_TYPES_H 1
#define HAVE_SYS_STAT_H 1
#define HAVE_STDLIB_H 1
#define HAVE_STRING_H 1
#define HAVE_MEMORY_H 1
#define HAVE_STRINGS_H 1
#define HAVE_INTTYPES_H 1
#define HAVE_STDINT_H 1
#define HAVE_UNISTD_H 1
#define HAVE_UNISTD_H 1
#define HAVE_SYS_FILE_H 1
#define HAVE_STDLIB_H 1
#define HAVE_SYS_SELECT_H 1

configure: exit 0
